<?xml version="1.0" encoding="utf-8"?><testsuites name="pytest tests"><testsuite name="pytest" errors="0" failures="0" skipped="0" tests="17" time="1.546" timestamp="2026-05-12T12:16:41.725593+00:00" hostname="agent-env-15115ebf-4ea9-4e86-aaa7-890459bd7bb2"><testcase classname="tests.test_playsharp_v16_scanning.TestScanningLeaderboard" name="test_scanning_returns_15_seeded_sorted_desc" time="0.190" /><testcase classname="tests.test_playsharp_v16_scanning.TestScanningLeaderboard" name="test_scanning_club_filter" time="0.050" /><testcase classname="tests.test_playsharp_v16_scanning.TestScanningLeaderboard" name="test_scanning_weekly_period" time="0.049" /><testcase classname="tests.test_playsharp_v16_scanning.TestScanningLeaderboard" name="test_no_mongo_underscore_id_field" time="0.048" /><testcase classname="tests.test_playsharp_v16_scanning.TestScanningScorePost" name="test_post_scanning_score_returns_201_and_isnewclub" time="0.048" /><testcase classname="tests.test_playsharp_v16_scanning.TestScanningScorePost" name="test_post_scanning_existing_club_isnewclub_false" time="0.154" /><testcase classname="tests.test_playsharp_v16_scanning.TestScanningScorePost" name="test_post_scanning_persists_to_leaderboard" time="0.408" /><testcase classname="tests.test_playsharp_v16_scanning.TestScanningScorePost" name="test_post_bogus_gametype_422" time="0.046" /><testcase classname="tests.test_playsharp_v16_scanning.TestRegressionV15Refactor" name="test_reaction_leaderboard_asc" time="0.047" /><testcase classname="tests.test_playsharp_v16_scanning.TestRegressionV15Refactor" name="test_decision_leaderboard_desc" time="0.049" /><testcase classname="tests.test_playsharp_v16_scanning.TestRegressionV15Refactor" name="test_clubs_endpoint" time="0.046" /><testcase classname="tests.test_playsharp_v16_scanning.TestRegressionV15Refactor" name="test_unknown_gametype_400" time="0.046" /><testcase classname="tests.test_playsharp_v16_scanning.TestRegressionV15Refactor" name="test_post_reaction_score" time="0.046" /><testcase classname="tests.test_playsharp_v16_scanning.TestRegressionV15Refactor" name="test_post_decision_score" time="0.049" /><testcase classname="tests.test_playsharp_v16_scanning.TestRegressionV15Refactor" name="test_post_contact" time="0.054" /><testcase classname="tests.test_playsharp_v16_scanning.TestRegressionV15Refactor" name="test_post_club_claim_works" time="0.047" /><testcase classname="tests.test_playsharp_v16_scanning" name="test_zz_cleanup_test_rows" time="0.080" /></testsuite></testsuites>