<?xml version="1.0" encoding="utf-8"?><testsuites name="pytest tests"><testsuite name="pytest" errors="0" failures="0" skipped="0" tests="15" time="1.198" timestamp="2026-05-03T13:32:46.553373+00:00" hostname="agent-env-15115ebf-4ea9-4e86-aaa7-890459bd7bb2"><testcase classname="backend.tests.test_playsharp_api.TestRoot" name="test_root_info" time="0.273" /><testcase classname="backend.tests.test_playsharp_api.TestRoot" name="test_clubs" time="0.042" /><testcase classname="backend.tests.test_playsharp_api.TestContact" name="test_contact_create_valid" time="0.057" /><testcase classname="backend.tests.test_playsharp_api.TestContact" name="test_contact_invalid_email_returns_422" time="0.119" /><testcase classname="backend.tests.test_playsharp_api.TestContact" name="test_contact_persisted_in_list" time="0.086" /><testcase classname="backend.tests.test_playsharp_api.TestScore" name="test_score_create_reaction" time="0.048" /><testcase classname="backend.tests.test_playsharp_api.TestScore" name="test_score_create_decision" time="0.043" /><testcase classname="backend.tests.test_playsharp_api.TestScore" name="test_score_unknown_club_400" time="0.042" /><testcase classname="backend.tests.test_playsharp_api.TestScore" name="test_score_unknown_game_type_422" time="0.045" /><testcase classname="backend.tests.test_playsharp_api.TestLeaderboard" name="test_reaction_sorted_ascending" time="0.046" /><testcase classname="backend.tests.test_playsharp_api.TestLeaderboard" name="test_decision_sorted_descending" time="0.046" /><testcase classname="backend.tests.test_playsharp_api.TestLeaderboard" name="test_leaderboard_club_filter" time="0.050" /><testcase classname="backend.tests.test_playsharp_api.TestLeaderboard" name="test_leaderboard_weekly_period" time="0.043" /><testcase classname="backend.tests.test_playsharp_api.TestLeaderboard" name="test_leaderboard_unknown_game_type" time="0.042" /><testcase classname="backend.tests.test_playsharp_api.TestLeaderboard" name="test_seed_data_present" time="0.087" /></testsuite></testsuites>